  Lab5.1.cpp
C:\Users\fbgh2\OneDrive\Документы\Коронка\Институт\1 курс\1 симестр\Програмиирвоание\real\Lab5.1\Lab5.1\Source.cpp(6,6): error C2065: col1: необъявленный идентификатор
C:\Users\fbgh2\OneDrive\Документы\Коронка\Институт\1 курс\1 симестр\Програмиирвоание\real\Lab5.1\Lab5.1\Source.cpp(6,14): error C2065: rows2: необъявленный идентификатор
C:\Users\fbgh2\OneDrive\Документы\Коронка\Институт\1 курс\1 симестр\Програмиирвоание\real\Lab5.1\Lab5.1\Source.cpp(7,3): error C2065: col: необъявленный идентификатор
C:\Users\fbgh2\OneDrive\Документы\Коронка\Институт\1 курс\1 симестр\Програмиирвоание\real\Lab5.1\Lab5.1\Source.cpp(7,9): error C2065: col1: необъявленный идентификатор
C:\Users\fbgh2\OneDrive\Документы\Коронка\Институт\1 курс\1 симестр\Програмиирвоание\real\Lab5.1\Lab5.1\Source.cpp(7,15): error C2065: rows: необъявленный идентификатор
C:\Users\fbgh2\OneDrive\Документы\Коронка\Институт\1 курс\1 симестр\Програмиирвоание\real\Lab5.1\Lab5.1\Source.cpp(7,22): error C2065: rows2: необъявленный идентификатор
C:\Users\fbgh2\OneDrive\Документы\Коронка\Институт\1 курс\1 симестр\Програмиирвоание\real\Lab5.1\Lab5.1\Source.cpp(8,3): error C2065: matr: необъявленный идентификатор
C:\Users\fbgh2\OneDrive\Документы\Коронка\Институт\1 курс\1 симестр\Програмиирвоание\real\Lab5.1\Lab5.1\Source.cpp(8,21): error C2065: rows: необъявленный идентификатор
C:\Users\fbgh2\OneDrive\Документы\Коронка\Институт\1 курс\1 симестр\Програмиирвоание\real\Lab5.1\Lab5.1\Source.cpp(8,28): error C2065: col: необъявленный идентификатор
C:\Users\fbgh2\OneDrive\Документы\Коронка\Институт\1 курс\1 симестр\Програмиирвоание\real\Lab5.1\Lab5.1\Source.cpp(8,32): error C3078: размер массива должен быть указан в новых выражениях без инициализатора
C:\Users\fbgh2\OneDrive\Документы\Коронка\Институт\1 курс\1 симестр\Програмиирвоание\real\Lab5.1\Lab5.1\Source.cpp(9,23): error C2065: rows1: необъявленный идентификатор
C:\Users\fbgh2\OneDrive\Документы\Коронка\Институт\1 курс\1 симестр\Програмиирвоание\real\Lab5.1\Lab5.1\Source.cpp(10,24): error C2065: col2: необъявленный идентификатор
C:\Users\fbgh2\OneDrive\Документы\Коронка\Институт\1 курс\1 симестр\Програмиирвоание\real\Lab5.1\Lab5.1\Source.cpp(12,5): error C2065: matr: необъявленный идентификатор
C:\Users\fbgh2\OneDrive\Документы\Коронка\Институт\1 курс\1 симестр\Програмиирвоание\real\Lab5.1\Lab5.1\Source.cpp(12,14): error C2065: col2: необъявленный идентификатор
C:\Users\fbgh2\OneDrive\Документы\Коронка\Институт\1 курс\1 симестр\Програмиирвоание\real\Lab5.1\Lab5.1\Source.cpp(13,25): error C2065: col1: необъявленный идентификатор
C:\Users\fbgh2\OneDrive\Документы\Коронка\Институт\1 курс\1 симестр\Програмиирвоание\real\Lab5.1\Lab5.1\Source.cpp(14,6): error C2065: matr: необъявленный идентификатор
C:\Users\fbgh2\OneDrive\Документы\Коронка\Институт\1 курс\1 симестр\Програмиирвоание\real\Lab5.1\Lab5.1\Source.cpp(14,15): error C2065: col2: необъявленный идентификатор
C:\Users\fbgh2\OneDrive\Документы\Коронка\Институт\1 курс\1 симестр\Програмиирвоание\real\Lab5.1\Lab5.1\Source.cpp(14,28): error C2065: matr1: необъявленный идентификатор
C:\Users\fbgh2\OneDrive\Документы\Коронка\Институт\1 курс\1 симестр\Програмиирвоание\real\Lab5.1\Lab5.1\Source.cpp(14,38): error C2065: col1: необъявленный идентификатор
C:\Users\fbgh2\OneDrive\Документы\Коронка\Институт\1 курс\1 симестр\Програмиирвоание\real\Lab5.1\Lab5.1\Source.cpp(14,50): error C2065: matr2: необъявленный идентификатор
C:\Users\fbgh2\OneDrive\Документы\Коронка\Институт\1 курс\1 симестр\Програмиирвоание\real\Lab5.1\Lab5.1\Source.cpp(14,60): error C2065: col2: необъявленный идентификатор
C:\Users\fbgh2\OneDrive\Документы\Коронка\Институт\1 курс\1 симестр\Програмиирвоание\real\Lab5.1\Lab5.1\Lab5.1.cpp(15,11): error C2039: "matrixmult": не является членом "Array".
C:\Users\fbgh2\OneDrive\Документы\Коронка\Институт\1 курс\1 симестр\Програмиирвоание\real\Lab5.1\Lab5.1\array.h(2): message : см. объявление "Array"
  Source.cpp
C:\Users\fbgh2\OneDrive\Документы\Коронка\Институт\1 курс\1 симестр\Програмиирвоание\real\Lab5.1\Lab5.1\Source.cpp(6,6): error C2065: col1: необъявленный идентификатор
C:\Users\fbgh2\OneDrive\Документы\Коронка\Институт\1 курс\1 симестр\Програмиирвоание\real\Lab5.1\Lab5.1\Source.cpp(6,14): error C2065: rows2: необъявленный идентификатор
C:\Users\fbgh2\OneDrive\Документы\Коронка\Институт\1 курс\1 симестр\Програмиирвоание\real\Lab5.1\Lab5.1\Source.cpp(7,3): error C2065: col: необъявленный идентификатор
C:\Users\fbgh2\OneDrive\Документы\Коронка\Институт\1 курс\1 симестр\Програмиирвоание\real\Lab5.1\Lab5.1\Source.cpp(7,9): error C2065: col1: необъявленный идентификатор
C:\Users\fbgh2\OneDrive\Документы\Коронка\Институт\1 курс\1 симестр\Програмиирвоание\real\Lab5.1\Lab5.1\Source.cpp(7,15): error C2065: rows: необъявленный идентификатор
C:\Users\fbgh2\OneDrive\Документы\Коронка\Институт\1 курс\1 симестр\Програмиирвоание\real\Lab5.1\Lab5.1\Source.cpp(7,22): error C2065: rows2: необъявленный идентификатор
C:\Users\fbgh2\OneDrive\Документы\Коронка\Институт\1 курс\1 симестр\Програмиирвоание\real\Lab5.1\Lab5.1\Source.cpp(8,3): error C2065: matr: необъявленный идентификатор
C:\Users\fbgh2\OneDrive\Документы\Коронка\Институт\1 курс\1 симестр\Програмиирвоание\real\Lab5.1\Lab5.1\Source.cpp(8,21): error C2065: rows: необъявленный идентификатор
C:\Users\fbgh2\OneDrive\Документы\Коронка\Институт\1 курс\1 симестр\Програмиирвоание\real\Lab5.1\Lab5.1\Source.cpp(8,28): error C2065: col: необъявленный идентификатор
C:\Users\fbgh2\OneDrive\Документы\Коронка\Институт\1 курс\1 симестр\Програмиирвоание\real\Lab5.1\Lab5.1\Source.cpp(8,32): error C3078: размер массива должен быть указан в новых выражениях без инициализатора
C:\Users\fbgh2\OneDrive\Документы\Коронка\Институт\1 курс\1 симестр\Програмиирвоание\real\Lab5.1\Lab5.1\Source.cpp(9,23): error C2065: rows1: необъявленный идентификатор
C:\Users\fbgh2\OneDrive\Документы\Коронка\Институт\1 курс\1 симестр\Програмиирвоание\real\Lab5.1\Lab5.1\Source.cpp(10,24): error C2065: col2: необъявленный идентификатор
C:\Users\fbgh2\OneDrive\Документы\Коронка\Институт\1 курс\1 симестр\Програмиирвоание\real\Lab5.1\Lab5.1\Source.cpp(12,5): error C2065: matr: необъявленный идентификатор
C:\Users\fbgh2\OneDrive\Документы\Коронка\Институт\1 курс\1 симестр\Програмиирвоание\real\Lab5.1\Lab5.1\Source.cpp(12,14): error C2065: col2: необъявленный идентификатор
C:\Users\fbgh2\OneDrive\Документы\Коронка\Институт\1 курс\1 симестр\Програмиирвоание\real\Lab5.1\Lab5.1\Source.cpp(13,25): error C2065: col1: необъявленный идентификатор
C:\Users\fbgh2\OneDrive\Документы\Коронка\Институт\1 курс\1 симестр\Програмиирвоание\real\Lab5.1\Lab5.1\Source.cpp(14,6): error C2065: matr: необъявленный идентификатор
C:\Users\fbgh2\OneDrive\Документы\Коронка\Институт\1 курс\1 симестр\Програмиирвоание\real\Lab5.1\Lab5.1\Source.cpp(14,15): error C2065: col2: необъявленный идентификатор
C:\Users\fbgh2\OneDrive\Документы\Коронка\Институт\1 курс\1 симестр\Програмиирвоание\real\Lab5.1\Lab5.1\Source.cpp(14,28): error C2065: matr1: необъявленный идентификатор
C:\Users\fbgh2\OneDrive\Документы\Коронка\Институт\1 курс\1 симестр\Програмиирвоание\real\Lab5.1\Lab5.1\Source.cpp(14,38): error C2065: col1: необъявленный идентификатор
C:\Users\fbgh2\OneDrive\Документы\Коронка\Институт\1 курс\1 симестр\Програмиирвоание\real\Lab5.1\Lab5.1\Source.cpp(14,50): error C2065: matr2: необъявленный идентификатор
C:\Users\fbgh2\OneDrive\Документы\Коронка\Институт\1 курс\1 симестр\Програмиирвоание\real\Lab5.1\Lab5.1\Source.cpp(14,60): error C2065: col2: необъявленный идентификатор
  Создание кода...
